TN:
SF:C:\Users\Ayush Shukla\OneDrive\Desktop\pyb\devops_assignment\fetch-weather.js
FN:5,fetchWeather
FN:13,(anonymous_1)
FN:20,processResults
FN:30,kelvinToCelcius
FN:34,getRainFall
FNF:5
FNH:0
FNDA:0,fetchWeather
FNDA:0,(anonymous_1)
FNDA:0,processResults
FNDA:0,kelvinToCelcius
FNDA:0,getRainFall
DA:3,1
DA:7,0
DA:8,0
DA:10,0
DA:14,0
DA:15,0
DA:21,0
DA:31,0
DA:35,0
DA:36,0
DA:39,1
LF:11
LH:2
BRDA:14,0,0,0
BRDA:14,0,1,0
BRDA:14,1,0,0
BRDA:14,1,1,0
BRDA:35,2,0,0
BRDA:35,2,1,0
BRDA:36,3,0,0
BRDA:36,3,1,0
BRDA:36,3,2,0
BRDA:36,3,3,0
BRF:10
BRH:0
end_of_record
TN:
SF:C:\Users\Ayush Shukla\OneDrive\Desktop\pyb\devops_assignment\prepared-for-the-weather.js
FN:21,averagteTemp
FN:33,(anonymous_1)
FN:42,(anonymous_2)
FN:53,(anonymous_3)
FN:62,(anonymous_4)
FNF:5
FNH:5
FNDA:4,averagteTemp
FNDA:4,(anonymous_1)
FNDA:4,(anonymous_2)
FNDA:4,(anonymous_3)
FNDA:1,(anonymous_4)
DA:22,4
DA:25,1
DA:34,4
DA:43,4
DA:44,4
DA:54,4
DA:63,1
LF:7
LH:7
BRDA:34,0,0,4
BRDA:34,0,1,4
BRDA:44,1,0,4
BRDA:44,1,1,2
BRF:4
BRH:4
end_of_record
TN:
SF:C:\Users\Ayush Shukla\OneDrive\Desktop\pyb\devops_assignment\test-data\sample-data.js
FNF:0
FNH:0
DA:1,1
LF:1
LH:1
BRF:0
BRH:0
end_of_record
